t=2020-10-20T17:19:12-0700 lvl=info msg=Configured api=signer audit log=audit.log
t=2020-10-20T17:19:52-0700 lvl=info msg=Version    api=signer type=request metadata="{\"remote\":\"NA\",\"local\":\"NA\",\"scheme\":\"NA\",\"User-Agent\":\"\",\"Origin\":\"\"}"
t=2020-10-20T17:19:52-0700 lvl=info msg=Version    api=signer type=response data=6.0.0 error=nil
t=2020-10-20T17:25:54-0700 lvl=info msg=List       api=signer type=request  metadata="{\"remote\":\"NA\",\"local\":\"NA\",\"scheme\":\"NA\",\"User-Agent\":\"\",\"Origin\":\"\"}"
t=2020-10-20T17:26:05-0700 lvl=info msg=List       api=signer type=response data="[[135 232 19 29 76 217 175 17 85 41 99 37 41 235 101 35 204 36 47 211] [188 218 7 153 219 69 83 169 237 134 53 224 221 214 149 22 22 117 196 162] [148 22 7 9 157 46 203 115 150 62 94 167 203 209 238 115 37 103 90 201]]"
t=2020-10-20T17:31:02-0700 lvl=info msg=List       api=signer type=request  metadata="{\"remote\":\"NA\",\"local\":\"NA\",\"scheme\":\"NA\",\"User-Agent\":\"\",\"Origin\":\"\"}"
t=2020-10-20T17:31:07-0700 lvl=info msg=List       api=signer type=response data="[[135 232 19 29 76 217 175 17 85 41 99 37 41 235 101 35 204 36 47 211] [188 218 7 153 219 69 83 169 237 134 53 224 221 214 149 22 22 117 196 162] [148 22 7 9 157 46 203 115 150 62 94 167 203 209 238 115 37 103 90 201]]"
t=2020-10-20T17:31:17-0700 lvl=info msg=List       api=signer type=request  metadata="{\"remote\":\"NA\",\"local\":\"NA\",\"scheme\":\"NA\",\"User-Agent\":\"\",\"Origin\":\"\"}"
t=2020-10-20T17:31:20-0700 lvl=info msg=List       api=signer type=response data="[[135 232 19 29 76 217 175 17 85 41 99 37 41 235 101 35 204 36 47 211] [188 218 7 153 219 69 83 169 237 134 53 224 221 214 149 22 22 117 196 162] [148 22 7 9 157 46 203 115 150 62 94 167 203 209 238 115 37 103 90 201]]"
t=2020-10-20T17:31:30-0700 lvl=info msg=List       api=signer type=request  metadata="{\"remote\":\"NA\",\"local\":\"NA\",\"scheme\":\"NA\",\"User-Agent\":\"\",\"Origin\":\"\"}"
t=2020-10-20T17:31:33-0700 lvl=info msg=List       api=signer type=response data="[[135 232 19 29 76 217 175 17 85 41 99 37 41 235 101 35 204 36 47 211] [188 218 7 153 219 69 83 169 237 134 53 224 221 214 149 22 22 117 196 162] [148 22 7 9 157 46 203 115 150 62 94 167 203 209 238 115 37 103 90 201]]"
t=2020-10-20T17:31:45-0700 lvl=info msg=List       api=signer type=request  metadata="{\"remote\":\"NA\",\"local\":\"NA\",\"scheme\":\"NA\",\"User-Agent\":\"\",\"Origin\":\"\"}"
t=2020-10-20T17:31:48-0700 lvl=info msg=List       api=signer type=response data="[[135 232 19 29 76 217 175 17 85 41 99 37 41 235 101 35 204 36 47 211] [188 218 7 153 219 69 83 169 237 134 53 224 221 214 149 22 22 117 196 162] [148 22 7 9 157 46 203 115 150 62 94 167 203 209 238 115 37 103 90 201]]"
t=2020-10-20T17:34:24-0700 lvl=info msg=List       api=signer type=request  metadata="{\"remote\":\"NA\",\"local\":\"NA\",\"scheme\":\"NA\",\"User-Agent\":\"\",\"Origin\":\"\"}"
t=2020-10-20T17:34:30-0700 lvl=info msg=List       api=signer type=response data="[[135 232 19 29 76 217 175 17 85 41 99 37 41 235 101 35 204 36 47 211] [188 218 7 153 219 69 83 169 237 134 53 224 221 214 149 22 22 117 196 162] [148 22 7 9 157 46 203 115 150 62 94 167 203 209 238 115 37 103 90 201]]"
t=2020-10-20T17:44:38-0700 lvl=info msg=List       api=signer type=request  metadata="{\"remote\":\"NA\",\"local\":\"NA\",\"scheme\":\"NA\",\"User-Agent\":\"\",\"Origin\":\"\"}"
t=2020-10-20T17:44:48-0700 lvl=info msg=List       api=signer type=response data="[[135 232 19 29 76 217 175 17 85 41 99 37 41 235 101 35 204 36 47 211] [188 218 7 153 219 69 83 169 237 134 53 224 221 214 149 22 22 117 196 162] [148 22 7 9 157 46 203 115 150 62 94 167 203 209 238 115 37 103 90 201]]"
t=2020-10-20T17:44:48-0700 lvl=info msg=List       api=signer type=request  metadata="{\"remote\":\"NA\",\"local\":\"NA\",\"scheme\":\"NA\",\"User-Agent\":\"\",\"Origin\":\"\"}"
t=2020-10-20T17:46:49-0700 lvl=info msg=List       api=signer type=response data="[[135 232 19 29 76 217 175 17 85 41 99 37 41 235 101 35 204 36 47 211] [188 218 7 153 219 69 83 169 237 134 53 224 221 214 149 22 22 117 196 162] [148 22 7 9 157 46 203 115 150 62 94 167 203 209 238 115 37 103 90 201]]"
t=2020-10-20T17:51:40-0700 lvl=info msg=List       api=signer type=request  metadata="{\"remote\":\"NA\",\"local\":\"NA\",\"scheme\":\"NA\",\"User-Agent\":\"\",\"Origin\":\"\"}"
t=2020-10-20T17:51:49-0700 lvl=info msg=List       api=signer type=response data="[[135 232 19 29 76 217 175 17 85 41 99 37 41 235 101 35 204 36 47 211] [188 218 7 153 219 69 83 169 237 134 53 224 221 214 149 22 22 117 196 162] [148 22 7 9 157 46 203 115 150 62 94 167 203 209 238 115 37 103 90 201]]"
t=2020-10-20T17:54:12-0700 lvl=info msg=List       api=signer type=request  metadata="{\"remote\":\"NA\",\"local\":\"NA\",\"scheme\":\"NA\",\"User-Agent\":\"\",\"Origin\":\"\"}"
t=2020-10-20T17:54:17-0700 lvl=info msg=List       api=signer type=response data="[[135 232 19 29 76 217 175 17 85 41 99 37 41 235 101 35 204 36 47 211] [188 218 7 153 219 69 83 169 237 134 53 224 221 214 149 22 22 117 196 162] [148 22 7 9 157 46 203 115 150 62 94 167 203 209 238 115 37 103 90 201]]"
t=2020-10-20T17:54:17-0700 lvl=info msg=List       api=signer type=request  metadata="{\"remote\":\"NA\",\"local\":\"NA\",\"scheme\":\"NA\",\"User-Agent\":\"\",\"Origin\":\"\"}"
t=2020-10-20T17:54:21-0700 lvl=info msg=List       api=signer type=response data="[[135 232 19 29 76 217 175 17 85 41 99 37 41 235 101 35 204 36 47 211] [188 218 7 153 219 69 83 169 237 134 53 224 221 214 149 22 22 117 196 162] [148 22 7 9 157 46 203 115 150 62 94 167 203 209 238 115 37 103 90 201]]"
t=2020-10-20T17:55:54-0700 lvl=info msg=List       api=signer type=request  metadata="{\"remote\":\"NA\",\"local\":\"NA\",\"scheme\":\"NA\",\"User-Agent\":\"\",\"Origin\":\"\"}"
t=2020-10-20T17:55:57-0700 lvl=info msg=List       api=signer type=response data="[[135 232 19 29 76 217 175 17 85 41 99 37 41 235 101 35 204 36 47 211] [188 218 7 153 219 69 83 169 237 134 53 224 221 214 149 22 22 117 196 162] [148 22 7 9 157 46 203 115 150 62 94 167 203 209 238 115 37 103 90 201]]"
t=2020-10-20T17:57:37-0700 lvl=info msg=List       api=signer type=request  metadata="{\"remote\":\"NA\",\"local\":\"NA\",\"scheme\":\"NA\",\"User-Agent\":\"\",\"Origin\":\"\"}"
t=2020-10-20T17:57:40-0700 lvl=info msg=List       api=signer type=response data="[[135 232 19 29 76 217 175 17 85 41 99 37 41 235 101 35 204 36 47 211] [188 218 7 153 219 69 83 169 237 134 53 224 221 214 149 22 22 117 196 162] [148 22 7 9 157 46 203 115 150 62 94 167 203 209 238 115 37 103 90 201]]"
t=2020-10-20T17:58:11-0700 lvl=info msg=List       api=signer type=request  metadata="{\"remote\":\"NA\",\"local\":\"NA\",\"scheme\":\"NA\",\"User-Agent\":\"\",\"Origin\":\"\"}"
t=2020-10-20T17:58:16-0700 lvl=info msg=List       api=signer type=response data="[[135 232 19 29 76 217 175 17 85 41 99 37 41 235 101 35 204 36 47 211] [188 218 7 153 219 69 83 169 237 134 53 224 221 214 149 22 22 117 196 162] [148 22 7 9 157 46 203 115 150 62 94 167 203 209 238 115 37 103 90 201]]"
t=2020-10-20T17:58:16-0700 lvl=info msg=List       api=signer type=request  metadata="{\"remote\":\"NA\",\"local\":\"NA\",\"scheme\":\"NA\",\"User-Agent\":\"\",\"Origin\":\"\"}"
t=2020-10-20T17:59:09-0700 lvl=info msg=List       api=signer type=response data="[[135 232 19 29 76 217 175 17 85 41 99 37 41 235 101 35 204 36 47 211] [188 218 7 153 219 69 83 169 237 134 53 224 221 214 149 22 22 117 196 162] [148 22 7 9 157 46 203 115 150 62 94 167 203 209 238 115 37 103 90 201]]"
t=2020-10-20T17:59:30-0700 lvl=info msg=List       api=signer type=request  metadata="{\"remote\":\"NA\",\"local\":\"NA\",\"scheme\":\"NA\",\"User-Agent\":\"\",\"Origin\":\"\"}"
t=2020-10-20T17:59:34-0700 lvl=info msg=List       api=signer type=response data="[[135 232 19 29 76 217 175 17 85 41 99 37 41 235 101 35 204 36 47 211] [188 218 7 153 219 69 83 169 237 134 53 224 221 214 149 22 22 117 196 162] [148 22 7 9 157 46 203 115 150 62 94 167 203 209 238 115 37 103 90 201]]"
t=2020-10-20T17:59:34-0700 lvl=info msg=List       api=signer type=request  metadata="{\"remote\":\"NA\",\"local\":\"NA\",\"scheme\":\"NA\",\"User-Agent\":\"\",\"Origin\":\"\"}"
t=2020-10-20T17:59:44-0700 lvl=info msg=List       api=signer type=response data="[[135 232 19 29 76 217 175 17 85 41 99 37 41 235 101 35 204 36 47 211] [188 218 7 153 219 69 83 169 237 134 53 224 221 214 149 22 22 117 196 162] [148 22 7 9 157 46 203 115 150 62 94 167 203 209 238 115 37 103 90 201]]"
t=2020-10-20T17:59:49-0700 lvl=info msg=List       api=signer type=request  metadata="{\"remote\":\"NA\",\"local\":\"NA\",\"scheme\":\"NA\",\"User-Agent\":\"\",\"Origin\":\"\"}"
